2022-12-16 00:58:16,216 [INFO] org.studyeasy.SpringBlog.SpringBlogApplication [restartedMain] Starting SpringBlogApplication using Java 17.0.5 on StudyEasy with PID 26664 (D:\Spring Boot (Part 01) project files\S11L01 - Spring Boot logging\target\classes started by chaan in D:\Spring Boot (Part 01) project files\S11L01 - Spring Boot logging)
2022-12-16 00:58:16,217 [INFO] org.studyeasy.SpringBlog.SpringBlogApplication [restartedMain] No active profile set, falling back to 1 default profile: "default"
2022-12-16 00:58:16,554 [INFO] org.springframework.data.repository.config.RepositoryConfigurationDelegate [restartedMain] Bootstrapping Spring Data JPA repositories in DEFAULT mode.
2022-12-16 00:58:16,582 [INFO] org.springframework.data.repository.config.RepositoryConfigurationDelegate [restartedMain] Finished Spring Data repository scanning in 27 ms. Found 3 JPA repository interfaces.
2022-12-16 00:58:16,856 [INFO] org.springframework.boot.web.embedded.tomcat.TomcatWebServer [restartedMain] Tomcat initialized with port(s): 8080 (http)
2022-12-16 00:58:16,859 [INFO] org.apache.catalina.core.StandardService [restartedMain] Starting service [Tomcat]
2022-12-16 00:58:16,859 [INFO] org.apache.catalina.core.StandardEngine [restartedMain] Starting Servlet engine: [Apache Tomcat/9.0.69]
2022-12-16 00:58:16,883 [INFO] org.apache.catalina.core.ContainerBase.[Tomcat].[localhost].[/] [restartedMain] Initializing Spring embedded WebApplicationContext
2022-12-16 00:58:16,883 [INFO] org.springframework.boot.web.servlet.context.ServletWebServerApplicationContext [restartedMain] Root WebApplicationContext: initialization completed in 661 ms
2022-12-16 00:58:16,896 [INFO] com.zaxxer.hikari.HikariDataSource [restartedMain] HikariPool-2 - Starting...
2022-12-16 00:58:16,916 [INFO] com.zaxxer.hikari.HikariDataSource [restartedMain] HikariPool-2 - Start completed.
2022-12-16 00:58:16,916 [INFO] org.springframework.boot.autoconfigure.h2.H2ConsoleAutoConfiguration [restartedMain] H2 console available at '/db-console'. Database available at 'jdbc:h2:file:./db/blogdb'
2022-12-16 00:58:16,975 [INFO] org.hibernate.jpa.internal.util.LogHelper [restartedMain] HHH000204: Processing PersistenceUnitInfo [name: default]
2022-12-16 00:58:16,987 [INFO] org.hibernate.dialect.Dialect [restartedMain] HHH000400: Using dialect: org.hibernate.dialect.H2Dialect
2022-12-16 00:58:17,101 [INFO] org.hibernate.engine.transaction.jta.platform.internal.JtaPlatformInitiator [restartedMain] HHH000490: Using JtaPlatform implementation: [org.hibernate.engine.transaction.jta.platform.internal.NoJtaPlatform]
2022-12-16 00:58:17,102 [INFO] org.springframework.orm.jpa.LocalContainerEntityManagerFactoryBean [restartedMain] Initialized JPA EntityManagerFactory for persistence unit 'default'
2022-12-16 00:58:17,380 [INFO] org.springframework.security.web.DefaultSecurityFilterChain [restartedMain] Will secure any request with [org.springframework.security.web.session.DisableEncodeUrlFilter@2e859c8d, org.springframework.security.web.context.request.async.WebAsyncManagerIntegrationFilter@501ee314, org.springframework.security.web.context.SecurityContextPersistenceFilter@69fa4433, org.springframework.security.web.header.HeaderWriterFilter@b8b517d, org.springframework.security.web.authentication.logout.LogoutFilter@16f88d97, org.springframework.security.web.authentication.UsernamePasswordAuthenticationFilter@231bbfc6, org.springframework.security.web.authentication.www.BasicAuthenticationFilter@40c77fca, org.springframework.security.web.savedrequest.RequestCacheAwareFilter@2fab71b7, org.springframework.security.web.servletapi.SecurityContextHolderAwareRequestFilter@7e7acd86, org.springframework.security.web.authentication.rememberme.RememberMeAuthenticationFilter@715d0a07, org.springframework.security.web.authentication.AnonymousAuthenticationFilter@498ac622, org.springframework.security.web.session.SessionManagementFilter@43521c7e, org.springframework.security.web.access.ExceptionTranslationFilter@3a6f9f04, org.springframework.security.web.access.intercept.AuthorizationFilter@4a948718]
2022-12-16 00:58:17,413 [WARN] org.springframework.boot.autoconfigure.orm.jpa.JpaBaseConfiguration$JpaWebConfiguration [restartedMain] spring.jpa.open-in-view is enabled by default. Therefore, database queries may be performed during view rendering. Explicitly configure spring.jpa.open-in-view to disable this warning
2022-12-16 00:58:17,649 [INFO] org.springframework.boot.devtools.autoconfigure.OptionalLiveReloadServer [restartedMain] LiveReload server is running on port 35729
2022-12-16 00:58:17,679 [INFO] org.springframework.boot.web.embedded.tomcat.TomcatWebServer [restartedMain] Tomcat started on port(s): 8080 (http) with context path ''
2022-12-16 00:58:17,692 [INFO] org.studyeasy.SpringBlog.SpringBlogApplication [restartedMain] Started SpringBlogApplication in 1.581 seconds (JVM running for 54.363)
2022-12-16 00:58:18,257 [INFO] org.springframework.boot.devtools.autoconfigure.ConditionEvaluationDeltaLoggingListener [restartedMain] Condition evaluation unchanged
2022-12-16 00:58:20,591 [INFO] org.apache.catalina.core.ContainerBase.[Tomcat].[localhost].[/] [http-nio-8080-exec-1] Initializing Spring DispatcherServlet 'dispatcherServlet'
2022-12-16 00:58:20,592 [INFO] org.springframework.web.servlet.DispatcherServlet [http-nio-8080-exec-1] Initializing Servlet 'dispatcherServlet'
2022-12-16 00:58:20,593 [INFO] org.springframework.web.servlet.DispatcherServlet [http-nio-8080-exec-1] Completed initialization in 1 ms
2022-12-16 00:58:20,667 [ERROR] org.studyeasy.SpringBlog.controller.HomeRestController [http-nio-8080-exec-1] This is a test error log
