2022-12-16 00:58:16,216 [INFO] org.studyeasy.SpringBlog.SpringBlogApplication [restartedMain] Starting SpringBlogApplication using Java 17.0.5 on StudyEasy with PID 26664 (D:\Spring Boot (Part 01) project files\S11L01 - Spring Boot logging\target\classes started by chaan in D:\Spring Boot (Part 01) project files\S11L01 - Spring Boot logging)
2022-12-16 00:58:16,217 [INFO] org.studyeasy.SpringBlog.SpringBlogApplication [restartedMain] No active profile set, falling back to 1 default profile: "default"
2022-12-16 00:58:16,554 [INFO] org.springframework.data.repository.config.RepositoryConfigurationDelegate [restartedMain] Bootstrapping Spring Data JPA repositories in DEFAULT mode.
2022-12-16 00:58:16,582 [INFO] org.springframework.data.repository.config.RepositoryConfigurationDelegate [restartedMain] Finished Spring Data repository scanning in 27 ms. Found 3 JPA repository interfaces.
2022-12-16 00:58:16,856 [INFO] org.springframework.boot.web.embedded.tomcat.TomcatWebServer [restartedMain] Tomcat initialized with port(s): 8080 (http)
2022-12-16 00:58:16,859 [INFO] org.apache.catalina.core.StandardService [restartedMain] Starting service [Tomcat]
2022-12-16 00:58:16,859 [INFO] org.apache.catalina.core.StandardEngine [restartedMain] Starting Servlet engine: [Apache Tomcat/9.0.69]
2022-12-16 00:58:16,883 [INFO] org.apache.catalina.core.ContainerBase.[Tomcat].[localhost].[/] [restartedMain] Initializing Spring embedded WebApplicationContext
2022-12-16 00:58:16,883 [INFO] org.springframework.boot.web.servlet.context.ServletWebServerApplicationContext [restartedMain] Root WebApplicationContext: initialization completed in 661 ms
2022-12-16 00:58:16,896 [INFO] com.zaxxer.hikari.HikariDataSource [restartedMain] HikariPool-2 - Starting...
2022-12-16 00:58:16,916 [INFO] com.zaxxer.hikari.HikariDataSource [restartedMain] HikariPool-2 - Start completed.
2022-12-16 00:58:16,916 [INFO] org.springframework.boot.autoconfigure.h2.H2ConsoleAutoConfiguration [restartedMain] H2 console available at '/db-console'. Database available at 'jdbc:h2:file:./db/blogdb'
2022-12-16 00:58:16,975 [INFO] org.hibernate.jpa.internal.util.LogHelper [restartedMain] HHH000204: Processing PersistenceUnitInfo [name: default]
2022-12-16 00:58:16,987 [INFO] org.hibernate.dialect.Dialect [restartedMain] HHH000400: Using dialect: org.hibernate.dialect.H2Dialect
2022-12-16 00:58:17,101 [INFO] org.hibernate.engine.transaction.jta.platform.internal.JtaPlatformInitiator [restartedMain] HHH000490: Using JtaPlatform implementation: [org.hibernate.engine.transaction.jta.platform.internal.NoJtaPlatform]
2022-12-16 00:58:17,102 [INFO] org.springframework.orm.jpa.LocalContainerEntityManagerFactoryBean [restartedMain] Initialized JPA EntityManagerFactory for persistence unit 'default'
2022-12-16 00:58:17,380 [INFO] org.springframework.security.web.DefaultSecurityFilterChain [restartedMain] Will secure any request with [org.springframework.security.web.session.DisableEncodeUrlFilter@2e859c8d, org.springframework.security.web.context.request.async.WebAsyncManagerIntegrationFilter@501ee314, org.springframework.security.web.context.SecurityContextPersistenceFilter@69fa4433, org.springframework.security.web.header.HeaderWriterFilter@b8b517d, org.springframework.security.web.authentication.logout.LogoutFilter@16f88d97, org.springframework.security.web.authentication.UsernamePasswordAuthenticationFilter@231bbfc6, org.springframework.security.web.authentication.www.BasicAuthenticationFilter@40c77fca, org.springframework.security.web.savedrequest.RequestCacheAwareFilter@2fab71b7, org.springframework.security.web.servletapi.SecurityContextHolderAwareRequestFilter@7e7acd86, org.springframework.security.web.authentication.rememberme.RememberMeAuthenticationFilter@715d0a07, org.springframework.security.web.authentication.AnonymousAuthenticationFilter@498ac622, org.springframework.security.web.session.SessionManagementFilter@43521c7e, org.springframework.security.web.access.ExceptionTranslationFilter@3a6f9f04, org.springframework.security.web.access.intercept.AuthorizationFilter@4a948718]
2022-12-16 00:58:17,413 [WARN] org.springframework.boot.autoconfigure.orm.jpa.JpaBaseConfiguration$JpaWebConfiguration [restartedMain] spring.jpa.open-in-view is enabled by default. Therefore, database queries may be performed during view rendering. Explicitly configure spring.jpa.open-in-view to disable this warning
2022-12-16 00:58:17,649 [INFO] org.springframework.boot.devtools.autoconfigure.OptionalLiveReloadServer [restartedMain] LiveReload server is running on port 35729
2022-12-16 00:58:17,679 [INFO] org.springframework.boot.web.embedded.tomcat.TomcatWebServer [restartedMain] Tomcat started on port(s): 8080 (http) with context path ''
2022-12-16 00:58:17,692 [INFO] org.studyeasy.SpringBlog.SpringBlogApplication [restartedMain] Started SpringBlogApplication in 1.581 seconds (JVM running for 54.363)
2022-12-16 00:58:18,257 [INFO] org.springframework.boot.devtools.autoconfigure.ConditionEvaluationDeltaLoggingListener [restartedMain] Condition evaluation unchanged
2022-12-16 00:58:20,591 [INFO] org.apache.catalina.core.ContainerBase.[Tomcat].[localhost].[/] [http-nio-8080-exec-1] Initializing Spring DispatcherServlet 'dispatcherServlet'
2022-12-16 00:58:20,592 [INFO] org.springframework.web.servlet.DispatcherServlet [http-nio-8080-exec-1] Initializing Servlet 'dispatcherServlet'
2022-12-16 00:58:20,593 [INFO] org.springframework.web.servlet.DispatcherServlet [http-nio-8080-exec-1] Completed initialization in 1 ms
2022-12-16 00:58:20,667 [ERROR] org.studyeasy.SpringBlog.controller.HomeRestController [http-nio-8080-exec-1] This is a test error log
2022-12-16 01:30:01,295 [INFO] org.studyeasy.SpringBlog.SpringBlogApplication [restartedMain] Starting SpringBlogApplication using Java 17.0.5 on StudyEasy with PID 11584 (D:\Spring Boot (Part 01) project files\S12L01 - Spring Boot 2.7.x to Spring boot 3.x.x migrations\target\classes started by chaan in D:\Spring Boot (Part 01) project files\S12L01 - Spring Boot 2.7.x to Spring boot 3.x.x migrations)
2022-12-16 01:30:01,299 [INFO] org.studyeasy.SpringBlog.SpringBlogApplication [restartedMain] No active profile set, falling back to 1 default profile: "default"
2022-12-16 01:30:01,461 [INFO] org.springframework.boot.devtools.env.DevToolsPropertyDefaultsPostProcessor [restartedMain] Devtools property defaults active! Set 'spring.devtools.add-properties' to 'false' to disable
2022-12-16 01:30:01,462 [INFO] org.springframework.boot.devtools.env.DevToolsPropertyDefaultsPostProcessor [restartedMain] For additional web related logging consider setting the 'logging.level.web' property to 'DEBUG'
2022-12-16 01:30:02,664 [INFO] org.springframework.data.repository.config.RepositoryConfigurationDelegate [restartedMain] Bootstrapping Spring Data JPA repositories in DEFAULT mode.
2022-12-16 01:30:02,798 [INFO] org.springframework.data.repository.config.RepositoryConfigurationDelegate [restartedMain] Finished Spring Data repository scanning in 99 ms. Found 3 JPA repository interfaces.
2022-12-16 01:30:04,810 [INFO] org.springframework.boot.web.embedded.tomcat.TomcatWebServer [restartedMain] Tomcat initialized with port(s): 8080 (http)
2022-12-16 01:30:04,919 [INFO] org.apache.catalina.core.StandardService [restartedMain] Starting service [Tomcat]
2022-12-16 01:30:04,943 [INFO] org.apache.catalina.core.StandardEngine [restartedMain] Starting Servlet engine: [Apache Tomcat/9.0.69]
2022-12-16 01:30:05,338 [INFO] org.apache.catalina.core.ContainerBase.[Tomcat].[localhost].[/] [restartedMain] Initializing Spring embedded WebApplicationContext
2022-12-16 01:30:05,339 [INFO] org.springframework.boot.web.servlet.context.ServletWebServerApplicationContext [restartedMain] Root WebApplicationContext: initialization completed in 3875 ms
2022-12-16 01:30:05,423 [INFO] com.zaxxer.hikari.HikariDataSource [restartedMain] HikariPool-1 - Starting...
2022-12-16 01:30:05,853 [INFO] com.zaxxer.hikari.HikariDataSource [restartedMain] HikariPool-1 - Start completed.
2022-12-16 01:30:05,868 [INFO] org.springframework.boot.autoconfigure.h2.H2ConsoleAutoConfiguration [restartedMain] H2 console available at '/db-console'. Database available at 'jdbc:h2:file:./db/blogdb'
2022-12-16 01:30:06,088 [INFO] org.hibernate.jpa.internal.util.LogHelper [restartedMain] HHH000204: Processing PersistenceUnitInfo [name: default]
2022-12-16 01:30:06,181 [INFO] org.hibernate.Version [restartedMain] HHH000412: Hibernate ORM core version 5.6.14.Final
2022-12-16 01:30:06,465 [INFO] org.hibernate.annotations.common.Version [restartedMain] HCANN000001: Hibernate Commons Annotations {5.1.2.Final}
2022-12-16 01:30:06,747 [INFO] org.hibernate.dialect.Dialect [restartedMain] HHH000400: Using dialect: org.hibernate.dialect.H2Dialect
2022-12-16 01:30:07,879 [INFO] org.hibernate.engine.transaction.jta.platform.internal.JtaPlatformInitiator [restartedMain] HHH000490: Using JtaPlatform implementation: [org.hibernate.engine.transaction.jta.platform.internal.NoJtaPlatform]
2022-12-16 01:30:07,900 [INFO] org.springframework.orm.jpa.LocalContainerEntityManagerFactoryBean [restartedMain] Initialized JPA EntityManagerFactory for persistence unit 'default'
2022-12-16 01:30:08,905 [INFO] org.springframework.security.web.DefaultSecurityFilterChain [restartedMain] Will secure any request with [org.springframework.security.web.session.DisableEncodeUrlFilter@7a65c08, org.springframework.security.web.context.request.async.WebAsyncManagerIntegrationFilter@43eb63f7, org.springframework.security.web.context.SecurityContextPersistenceFilter@745dfa62, org.springframework.security.web.header.HeaderWriterFilter@3eac48cb, org.springframework.security.web.authentication.logout.LogoutFilter@22a0d87, org.springframework.security.web.authentication.UsernamePasswordAuthenticationFilter@1dbf7c2d, org.springframework.security.web.authentication.www.BasicAuthenticationFilter@2cc5c884, org.springframework.security.web.savedrequest.RequestCacheAwareFilter@5a2e0e32, org.springframework.security.web.servletapi.SecurityContextHolderAwareRequestFilter@c12c359, org.springframework.security.web.authentication.rememberme.RememberMeAuthenticationFilter@10535113, org.springframework.security.web.authentication.AnonymousAuthenticationFilter@41e812e6, org.springframework.security.web.session.SessionManagementFilter@5f3982b2, org.springframework.security.web.access.ExceptionTranslationFilter@6c5e457e, org.springframework.security.web.access.intercept.AuthorizationFilter@4d9699d9]
2022-12-16 01:30:09,014 [WARN] org.springframework.boot.autoconfigure.orm.jpa.JpaBaseConfiguration$JpaWebConfiguration [restartedMain] spring.jpa.open-in-view is enabled by default. Therefore, database queries may be performed during view rendering. Explicitly configure spring.jpa.open-in-view to disable this warning
2022-12-16 01:30:09,640 [INFO] org.springframework.boot.devtools.autoconfigure.OptionalLiveReloadServer [restartedMain] LiveReload server is running on port 35729
2022-12-16 01:30:09,705 [INFO] org.springframework.boot.web.embedded.tomcat.TomcatWebServer [restartedMain] Tomcat started on port(s): 8080 (http) with context path ''
2022-12-16 01:30:09,725 [INFO] org.studyeasy.SpringBlog.SpringBlogApplication [restartedMain] Started SpringBlogApplication in 9.245 seconds (JVM running for 10.285)
2022-12-16 01:30:33,027 [INFO] org.studyeasy.SpringBlog.SpringBlogApplication [restartedMain] Starting SpringBlogApplication using Java 17.0.5 on StudyEasy with PID 25096 (D:\Spring Boot (Part 01) project files\S12L01 - Spring Boot 2.7.x to Spring boot 3.x.x migrations\target\classes started by chaan in D:\Spring Boot (Part 01) project files\S12L01 - Spring Boot 2.7.x to Spring boot 3.x.x migrations)
2022-12-16 01:30:33,030 [INFO] org.studyeasy.SpringBlog.SpringBlogApplication [restartedMain] No active profile set, falling back to 1 default profile: "default"
2022-12-16 01:30:33,132 [INFO] org.springframework.boot.devtools.env.DevToolsPropertyDefaultsPostProcessor [restartedMain] Devtools property defaults active! Set 'spring.devtools.add-properties' to 'false' to disable
2022-12-16 01:30:33,133 [INFO] org.springframework.boot.devtools.env.DevToolsPropertyDefaultsPostProcessor [restartedMain] For additional web related logging consider setting the 'logging.level.web' property to 'DEBUG'
2022-12-16 01:30:34,301 [INFO] org.springframework.data.repository.config.RepositoryConfigurationDelegate [restartedMain] Bootstrapping Spring Data JPA repositories in DEFAULT mode.
2022-12-16 01:30:34,448 [INFO] org.springframework.data.repository.config.RepositoryConfigurationDelegate [restartedMain] Finished Spring Data repository scanning in 115 ms. Found 3 JPA repository interfaces.
2022-12-16 01:30:35,771 [INFO] org.springframework.boot.web.embedded.tomcat.TomcatWebServer [restartedMain] Tomcat initialized with port(s): 8080 (http)
2022-12-16 01:30:35,784 [INFO] org.apache.catalina.core.StandardService [restartedMain] Starting service [Tomcat]
2022-12-16 01:30:35,785 [INFO] org.apache.catalina.core.StandardEngine [restartedMain] Starting Servlet engine: [Apache Tomcat/9.0.69]
2022-12-16 01:30:35,919 [INFO] org.apache.catalina.core.ContainerBase.[Tomcat].[localhost].[/] [restartedMain] Initializing Spring embedded WebApplicationContext
2022-12-16 01:30:35,920 [INFO] org.springframework.boot.web.servlet.context.ServletWebServerApplicationContext [restartedMain] Root WebApplicationContext: initialization completed in 2786 ms
2022-12-16 01:30:35,985 [INFO] com.zaxxer.hikari.HikariDataSource [restartedMain] HikariPool-1 - Starting...
2022-12-16 01:30:36,354 [INFO] com.zaxxer.hikari.HikariDataSource [restartedMain] HikariPool-1 - Start completed.
2022-12-16 01:30:36,381 [INFO] org.springframework.boot.autoconfigure.h2.H2ConsoleAutoConfiguration [restartedMain] H2 console available at '/db-console'. Database available at 'jdbc:h2:file:./db/blogdb'
2022-12-16 01:30:36,606 [INFO] org.hibernate.jpa.internal.util.LogHelper [restartedMain] HHH000204: Processing PersistenceUnitInfo [name: default]
2022-12-16 01:30:36,700 [INFO] org.hibernate.Version [restartedMain] HHH000412: Hibernate ORM core version 5.6.14.Final
2022-12-16 01:30:36,967 [INFO] org.hibernate.annotations.common.Version [restartedMain] HCANN000001: Hibernate Commons Annotations {5.1.2.Final}
2022-12-16 01:30:37,146 [INFO] org.hibernate.dialect.Dialect [restartedMain] HHH000400: Using dialect: org.hibernate.dialect.H2Dialect
2022-12-16 01:30:39,075 [INFO] org.hibernate.engine.transaction.jta.platform.internal.JtaPlatformInitiator [restartedMain] HHH000490: Using JtaPlatform implementation: [org.hibernate.engine.transaction.jta.platform.internal.NoJtaPlatform]
2022-12-16 01:30:39,111 [INFO] org.springframework.orm.jpa.LocalContainerEntityManagerFactoryBean [restartedMain] Initialized JPA EntityManagerFactory for persistence unit 'default'
2022-12-16 01:30:40,274 [INFO] org.springframework.security.web.DefaultSecurityFilterChain [restartedMain] Will secure any request with [org.springframework.security.web.session.DisableEncodeUrlFilter@3c2ee1ab, org.springframework.security.web.context.request.async.WebAsyncManagerIntegrationFilter@2c760f07, org.springframework.security.web.context.SecurityContextPersistenceFilter@294d6ae4, org.springframework.security.web.header.HeaderWriterFilter@622c1b9b, org.springframework.security.web.authentication.logout.LogoutFilter@265eb589, org.springframework.security.web.authentication.UsernamePasswordAuthenticationFilter@19c83993, org.springframework.security.web.authentication.www.BasicAuthenticationFilter@39bc71d5, org.springframework.security.web.savedrequest.RequestCacheAwareFilter@68666351, org.springframework.security.web.servletapi.SecurityContextHolderAwareRequestFilter@7edd5cde, org.springframework.security.web.authentication.rememberme.RememberMeAuthenticationFilter@19345335, org.springframework.security.web.authentication.AnonymousAuthenticationFilter@761ef185, org.springframework.security.web.session.SessionManagementFilter@781780f4, org.springframework.security.web.access.ExceptionTranslationFilter@3231ac63, org.springframework.security.web.access.intercept.AuthorizationFilter@38fd546]
2022-12-16 01:30:40,366 [WARN] org.springframework.boot.autoconfigure.orm.jpa.JpaBaseConfiguration$JpaWebConfiguration [restartedMain] spring.jpa.open-in-view is enabled by default. Therefore, database queries may be performed during view rendering. Explicitly configure spring.jpa.open-in-view to disable this warning
2022-12-16 01:30:40,952 [INFO] org.springframework.boot.devtools.autoconfigure.OptionalLiveReloadServer [restartedMain] LiveReload server is running on port 35729
2022-12-16 01:30:41,030 [INFO] org.springframework.boot.web.embedded.tomcat.TomcatWebServer [restartedMain] Tomcat started on port(s): 8080 (http) with context path ''
2022-12-16 01:30:41,058 [INFO] org.studyeasy.SpringBlog.SpringBlogApplication [restartedMain] Started SpringBlogApplication in 8.717 seconds (JVM running for 9.448)
2022-12-16 01:31:39,551 [INFO] org.apache.catalina.core.ContainerBase.[Tomcat].[localhost].[/] [http-nio-8080-exec-1] Initializing Spring DispatcherServlet 'dispatcherServlet'
2022-12-16 01:31:39,553 [INFO] org.springframework.web.servlet.DispatcherServlet [http-nio-8080-exec-1] Initializing Servlet 'dispatcherServlet'
2022-12-16 01:31:39,557 [INFO] org.springframework.web.servlet.DispatcherServlet [http-nio-8080-exec-1] Completed initialization in 3 ms
2022-12-16 01:40:31,178 [INFO] org.springframework.boot.devtools.autoconfigure.LocalDevToolsAutoConfiguration$RestartingClassPathChangeChangedEventListener [File Watcher] Restarting due to 58 class path changes (0 additions, 58 deletions, 0 modifications)
2022-12-16 01:40:31,222 [INFO] org.apache.catalina.core.StandardService [Thread-6] Stopping service [Tomcat]
2022-12-16 01:40:31,224 [INFO] org.apache.catalina.core.ContainerBase.[Tomcat].[localhost].[/] [Thread-6] Destroying Spring FrameworkServlet 'dispatcherServlet'
2022-12-16 01:40:31,246 [INFO] org.springframework.orm.jpa.LocalContainerEntityManagerFactoryBean [Thread-6] Closing JPA EntityManagerFactory for persistence unit 'default'
2022-12-16 01:40:31,248 [INFO] org.hibernate.tool.schema.internal.SchemaDropperImpl$DelayedDropActionImpl [Thread-6] HHH000477: Starting delayed evictData of schema as part of SessionFactory shut-down'
2022-12-16 01:40:31,258 [INFO] com.zaxxer.hikari.HikariDataSource [Thread-6] HikariPool-1 - Shutdown initiated...
2022-12-16 01:40:31,282 [INFO] com.zaxxer.hikari.HikariDataSource [Thread-6] HikariPool-1 - Shutdown completed.
2022-12-16 01:56:42,995 [INFO] org.studyeasy.SpringBlog.SpringBlogApplication [restartedMain] Starting SpringBlogApplication using Java 17.0.5 with PID 30704 (D:\Spring Boot (Part 01) project files\S12L01 - Spring Boot 2.7.x to Spring boot 3.x.x migrations\target\classes started by chaan in D:\Spring Boot (Part 01) project files\S12L01 - Spring Boot 2.7.x to Spring boot 3.x.x migrations)
2022-12-16 01:56:43,002 [INFO] org.studyeasy.SpringBlog.SpringBlogApplication [restartedMain] No active profile set, falling back to 1 default profile: "default"
2022-12-16 01:56:43,091 [INFO] org.springframework.boot.devtools.env.DevToolsPropertyDefaultsPostProcessor [restartedMain] Devtools property defaults active! Set 'spring.devtools.add-properties' to 'false' to disable
2022-12-16 01:56:43,092 [INFO] org.springframework.boot.devtools.env.DevToolsPropertyDefaultsPostProcessor [restartedMain] For additional web related logging consider setting the 'logging.level.web' property to 'DEBUG'
2022-12-16 01:56:44,298 [INFO] org.springframework.data.repository.config.RepositoryConfigurationDelegate [restartedMain] Bootstrapping Spring Data JPA repositories in DEFAULT mode.
2022-12-16 01:56:44,429 [INFO] org.springframework.data.repository.config.RepositoryConfigurationDelegate [restartedMain] Finished Spring Data repository scanning in 115 ms. Found 3 JPA repository interfaces.
2022-12-16 01:56:45,713 [INFO] org.springframework.boot.web.embedded.tomcat.TomcatWebServer [restartedMain] Tomcat initialized with port(s): 8080 (http)
2022-12-16 01:56:45,749 [INFO] org.apache.catalina.core.StandardService [restartedMain] Starting service [Tomcat]
2022-12-16 01:56:45,750 [INFO] org.apache.catalina.core.StandardEngine [restartedMain] Starting Servlet engine: [Apache Tomcat/10.1.1]
2022-12-16 01:56:45,869 [INFO] org.apache.catalina.core.ContainerBase.[Tomcat].[localhost].[/] [restartedMain] Initializing Spring embedded WebApplicationContext
2022-12-16 01:56:45,872 [INFO] org.springframework.boot.web.servlet.context.ServletWebServerApplicationContext [restartedMain] Root WebApplicationContext: initialization completed in 2777 ms
2022-12-16 01:56:45,942 [INFO] com.zaxxer.hikari.HikariDataSource [restartedMain] HikariPool-1 - Starting...
2022-12-16 01:56:46,332 [INFO] com.zaxxer.hikari.pool.HikariPool [restartedMain] HikariPool-1 - Added connection conn0: url=jdbc:h2:file:./db/blogdb user=ADMIN
2022-12-16 01:56:46,336 [INFO] com.zaxxer.hikari.HikariDataSource [restartedMain] HikariPool-1 - Start completed.
2022-12-16 01:56:46,360 [INFO] org.springframework.boot.autoconfigure.h2.H2ConsoleAutoConfiguration [restartedMain] H2 console available at '/db-console'. Database available at 'jdbc:h2:file:./db/blogdb'
2022-12-16 01:56:46,572 [INFO] org.hibernate.jpa.internal.util.LogHelper [restartedMain] HHH000204: Processing PersistenceUnitInfo [name: default]
2022-12-16 01:56:46,660 [INFO] org.hibernate.Version [restartedMain] HHH000412: Hibernate ORM core version 6.1.5.Final
2022-12-16 01:56:46,947 [WARN] org.hibernate.orm.deprecation [restartedMain] HHH90000021: Encountered deprecated setting [javax.persistence.sharedCache.mode], use [jakarta.persistence.sharedCache.mode] instead
2022-12-16 01:56:47,180 [INFO] SQL dialect [restartedMain] HHH000400: Using dialect: org.hibernate.dialect.H2Dialect
2022-12-16 01:56:48,493 [INFO] org.hibernate.engine.transaction.jta.platform.internal.JtaPlatformInitiator [restartedMain] HHH000490: Using JtaPlatform implementation: [org.hibernate.engine.transaction.jta.platform.internal.NoJtaPlatform]
2022-12-16 01:56:48,502 [INFO] org.springframework.orm.jpa.LocalContainerEntityManagerFactoryBean [restartedMain] Initialized JPA EntityManagerFactory for persistence unit 'default'
2022-12-16 01:56:49,148 [WARN] org.springframework.boot.web.servlet.context.AnnotationConfigServletWebServerApplicationContext [restartedMain] Exception encountered during context initialization - cancelling refresh attempt: org.springframework.beans.factory.UnsatisfiedDependencyException: Error creating bean with name 'seedData': Unsatisfied dependency expressed through field 'accountService': Error creating bean with name 'accountService': Unsatisfied dependency expressed through field 'passwordEncoder': No qualifying bean of type 'org.springframework.security.crypto.password.PasswordEncoder' available: expected at least 1 bean which qualifies as autowire candidate. Dependency annotations: {@org.springframework.beans.factory.annotation.Autowired(required=true)}
2022-12-16 01:56:49,151 [INFO] org.springframework.orm.jpa.LocalContainerEntityManagerFactoryBean [restartedMain] Closing JPA EntityManagerFactory for persistence unit 'default'
2022-12-16 01:56:49,152 [INFO] org.hibernate.tool.schema.internal.SchemaDropperImpl$DelayedDropActionImpl [restartedMain] HHH000477: Starting delayed evictData of schema as part of SessionFactory shut-down'
2022-12-16 01:56:49,160 [INFO] com.zaxxer.hikari.HikariDataSource [restartedMain] HikariPool-1 - Shutdown initiated...
2022-12-16 01:56:49,195 [INFO] com.zaxxer.hikari.HikariDataSource [restartedMain] HikariPool-1 - Shutdown completed.
2022-12-16 01:56:49,199 [INFO] org.apache.catalina.core.StandardService [restartedMain] Stopping service [Tomcat]
2022-12-16 01:56:49,226 [INFO] org.springframework.boot.autoconfigure.logging.ConditionEvaluationReportLogger [restartedMain] 

Error starting ApplicationContext. To display the condition evaluation report re-run your application with 'debug' enabled.
2022-12-16 01:56:49,265 [ERROR] org.springframework.boot.diagnostics.LoggingFailureAnalysisReporter [restartedMain] 

***************************
APPLICATION FAILED TO START
***************************

Description:

Field passwordEncoder in org.studyeasy.SpringBlog.services.AccountService required a bean of type 'org.springframework.security.crypto.password.PasswordEncoder' that could not be found.

The injection point has the following annotations:
	- @org.springframework.beans.factory.annotation.Autowired(required=true)


Action:

Consider defining a bean of type 'org.springframework.security.crypto.password.PasswordEncoder' in your configuration.

2022-12-16 02:15:53,817 [INFO] org.studyeasy.SpringBlog.SpringBlogApplication [restartedMain] Starting SpringBlogApplication using Java 17.0.5 with PID 11484 (D:\Spring Boot (Part 01) project files\S12L01 - Spring Boot 2.7.x to Spring boot 3.x.x migrations\target\classes started by chaan in D:\Spring Boot (Part 01) project files\S12L01 - Spring Boot 2.7.x to Spring boot 3.x.x migrations)
2022-12-16 02:15:53,821 [INFO] org.studyeasy.SpringBlog.SpringBlogApplication [restartedMain] No active profile set, falling back to 1 default profile: "default"
2022-12-16 02:15:53,910 [INFO] org.springframework.boot.devtools.env.DevToolsPropertyDefaultsPostProcessor [restartedMain] Devtools property defaults active! Set 'spring.devtools.add-properties' to 'false' to disable
2022-12-16 02:15:53,911 [INFO] org.springframework.boot.devtools.env.DevToolsPropertyDefaultsPostProcessor [restartedMain] For additional web related logging consider setting the 'logging.level.web' property to 'DEBUG'
2022-12-16 02:15:55,009 [INFO] org.springframework.data.repository.config.RepositoryConfigurationDelegate [restartedMain] Bootstrapping Spring Data JPA repositories in DEFAULT mode.
2022-12-16 02:15:55,107 [INFO] org.springframework.data.repository.config.RepositoryConfigurationDelegate [restartedMain] Finished Spring Data repository scanning in 86 ms. Found 3 JPA repository interfaces.
2022-12-16 02:15:56,130 [INFO] org.springframework.boot.web.embedded.tomcat.TomcatWebServer [restartedMain] Tomcat initialized with port(s): 8080 (http)
2022-12-16 02:15:56,150 [INFO] org.apache.catalina.core.StandardService [restartedMain] Starting service [Tomcat]
2022-12-16 02:15:56,150 [INFO] org.apache.catalina.core.StandardEngine [restartedMain] Starting Servlet engine: [Apache Tomcat/10.1.1]
2022-12-16 02:15:56,237 [INFO] org.apache.catalina.core.ContainerBase.[Tomcat].[localhost].[/] [restartedMain] Initializing Spring embedded WebApplicationContext
2022-12-16 02:15:56,238 [INFO] org.springframework.boot.web.servlet.context.ServletWebServerApplicationContext [restartedMain] Root WebApplicationContext: initialization completed in 2326 ms
2022-12-16 02:15:56,300 [INFO] com.zaxxer.hikari.HikariDataSource [restartedMain] HikariPool-1 - Starting...
2022-12-16 02:15:56,565 [INFO] com.zaxxer.hikari.pool.HikariPool [restartedMain] HikariPool-1 - Added connection conn0: url=jdbc:h2:file:./db/blogdb user=ADMIN
2022-12-16 02:15:56,568 [INFO] com.zaxxer.hikari.HikariDataSource [restartedMain] HikariPool-1 - Start completed.
2022-12-16 02:15:56,584 [INFO] org.springframework.boot.autoconfigure.h2.H2ConsoleAutoConfiguration [restartedMain] H2 console available at '/db-console'. Database available at 'jdbc:h2:file:./db/blogdb'
2022-12-16 02:15:56,804 [INFO] org.hibernate.jpa.internal.util.LogHelper [restartedMain] HHH000204: Processing PersistenceUnitInfo [name: default]
2022-12-16 02:15:56,877 [INFO] org.hibernate.Version [restartedMain] HHH000412: Hibernate ORM core version 6.1.5.Final
2022-12-16 02:15:57,116 [WARN] org.hibernate.orm.deprecation [restartedMain] HHH90000021: Encountered deprecated setting [javax.persistence.sharedCache.mode], use [jakarta.persistence.sharedCache.mode] instead
2022-12-16 02:15:57,329 [INFO] SQL dialect [restartedMain] HHH000400: Using dialect: org.hibernate.dialect.H2Dialect
2022-12-16 02:15:58,462 [INFO] org.hibernate.engine.transaction.jta.platform.internal.JtaPlatformInitiator [restartedMain] HHH000490: Using JtaPlatform implementation: [org.hibernate.engine.transaction.jta.platform.internal.NoJtaPlatform]
2022-12-16 02:15:58,469 [INFO] org.springframework.orm.jpa.LocalContainerEntityManagerFactoryBean [restartedMain] Initialized JPA EntityManagerFactory for persistence unit 'default'
2022-12-16 02:15:59,065 [WARN] org.springframework.boot.autoconfigure.orm.jpa.JpaBaseConfiguration$JpaWebConfiguration [restartedMain] spring.jpa.open-in-view is enabled by default. Therefore, database queries may be performed during view rendering. Explicitly configure spring.jpa.open-in-view to disable this warning
2022-12-16 02:15:59,469 [INFO] org.springframework.security.web.DefaultSecurityFilterChain [restartedMain] Will secure any request with [org.springframework.security.web.session.DisableEncodeUrlFilter@49fab838, org.springframework.security.web.context.request.async.WebAsyncManagerIntegrationFilter@688d0c59, org.springframework.security.web.context.SecurityContextHolderFilter@7422bb40, org.springframework.security.web.header.HeaderWriterFilter@708ba791, org.springframework.security.web.authentication.logout.LogoutFilter@11d464e6, org.springframework.security.web.authentication.UsernamePasswordAuthenticationFilter@2fcfb38, org.springframework.security.web.authentication.www.BasicAuthenticationFilter@72fc3f8d, org.springframework.security.web.savedrequest.RequestCacheAwareFilter@65d55ccc, org.springframework.security.web.servletapi.SecurityContextHolderAwareRequestFilter@1f680274, org.springframework.security.web.authentication.rememberme.RememberMeAuthenticationFilter@1ea45c8c, org.springframework.security.web.authentication.AnonymousAuthenticationFilter@7b1e5692, org.springframework.security.web.access.ExceptionTranslationFilter@33c962ce, org.springframework.security.web.access.intercept.AuthorizationFilter@382ca4c8]
2022-12-16 02:15:59,773 [INFO] org.springframework.boot.devtools.autoconfigure.OptionalLiveReloadServer [restartedMain] LiveReload server is running on port 35729
2022-12-16 02:15:59,819 [INFO] org.springframework.boot.web.embedded.tomcat.TomcatWebServer [restartedMain] Tomcat started on port(s): 8080 (http) with context path ''
2022-12-16 02:15:59,830 [INFO] org.studyeasy.SpringBlog.SpringBlogApplication [restartedMain] Started SpringBlogApplication in 6.634 seconds (process running for 7.264)
2022-12-16 02:16:08,566 [INFO] org.apache.catalina.core.ContainerBase.[Tomcat].[localhost].[/] [http-nio-8080-exec-1] Initializing Spring DispatcherServlet 'dispatcherServlet'
2022-12-16 02:16:08,567 [INFO] org.springframework.web.servlet.DispatcherServlet [http-nio-8080-exec-1] Initializing Servlet 'dispatcherServlet'
2022-12-16 02:16:08,570 [INFO] org.springframework.web.servlet.DispatcherServlet [http-nio-8080-exec-1] Completed initialization in 2 ms
2022-12-16 02:16:08,937 [WARN] org.thymeleaf.standard.processor.AbstractStandardFragmentInsertionTagProcessor [http-nio-8080-exec-1] [THYMELEAF][http-nio-8080-exec-1][home_views/home] Deprecated unwrapped fragment expression "/fragments/head :: head" found in template home_views/home, line 4, col 9. Please use the complete syntax of fragment expressions instead ("~{/fragments/head :: head}"). The old, unwrapped syntax for fragment expressions will be removed in future versions of Thymeleaf.
2022-12-16 02:16:09,075 [WARN] org.thymeleaf.standard.processor.AbstractStandardFragmentInsertionTagProcessor [http-nio-8080-exec-1] [THYMELEAF][http-nio-8080-exec-1][home_views/home] Deprecated unwrapped fragment expression "/fragments/header :: header" found in template home_views/home, line 12, col 13. Please use the complete syntax of fragment expressions instead ("~{/fragments/header :: header}"). The old, unwrapped syntax for fragment expressions will be removed in future versions of Thymeleaf.
2022-12-16 02:16:09,160 [WARN] org.thymeleaf.standard.processor.AbstractStandardFragmentInsertionTagProcessor [http-nio-8080-exec-1] [THYMELEAF][http-nio-8080-exec-1][home_views/home] Deprecated unwrapped fragment expression "/fragments/footer :: footer" found in template home_views/home, line 78, col 11. Please use the complete syntax of fragment expressions instead ("~{/fragments/footer :: footer}"). The old, unwrapped syntax for fragment expressions will be removed in future versions of Thymeleaf.
2022-12-16 02:16:09,331 [WARN] org.thymeleaf.standard.processor.AbstractStandardFragmentInsertionTagProcessor [http-nio-8080-exec-8] [THYMELEAF][http-nio-8080-exec-8][account_views/login] Deprecated unwrapped fragment expression "/fragments/head :: head" found in template account_views/login, line 4, col 9. Please use the complete syntax of fragment expressions instead ("~{/fragments/head :: head}"). The old, unwrapped syntax for fragment expressions will be removed in future versions of Thymeleaf.
2022-12-16 02:16:09,339 [WARN] org.thymeleaf.standard.processor.AbstractStandardFragmentInsertionTagProcessor [http-nio-8080-exec-8] [THYMELEAF][http-nio-8080-exec-8][account_views/login] Deprecated unwrapped fragment expression "/fragments/header :: header" found in template account_views/login, line 12, col 13. Please use the complete syntax of fragment expressions instead ("~{/fragments/header :: header}"). The old, unwrapped syntax for fragment expressions will be removed in future versions of Thymeleaf.
2022-12-16 02:16:09,353 [WARN] org.thymeleaf.standard.processor.AbstractStandardFragmentInsertionTagProcessor [http-nio-8080-exec-8] [THYMELEAF][http-nio-8080-exec-8][account_views/login] Deprecated unwrapped fragment expression "/fragments/footer :: footer" found in template account_views/login, line 53, col 11. Please use the complete syntax of fragment expressions instead ("~{/fragments/footer :: footer}"). The old, unwrapped syntax for fragment expressions will be removed in future versions of Thymeleaf.
2022-12-16 02:16:09,378 [WARN] org.thymeleaf.standard.processor.AbstractStandardFragmentInsertionTagProcessor [http-nio-8080-exec-9] [THYMELEAF][http-nio-8080-exec-9][account_views/login] Deprecated unwrapped fragment expression "/fragments/head :: head" found in template account_views/login, line 4, col 9. Please use the complete syntax of fragment expressions instead ("~{/fragments/head :: head}"). The old, unwrapped syntax for fragment expressions will be removed in future versions of Thymeleaf.
2022-12-16 02:16:09,385 [WARN] org.thymeleaf.standard.processor.AbstractStandardFragmentInsertionTagProcessor [http-nio-8080-exec-9] [THYMELEAF][http-nio-8080-exec-9][account_views/login] Deprecated unwrapped fragment expression "/fragments/header :: header" found in template account_views/login, line 12, col 13. Please use the complete syntax of fragment expressions instead ("~{/fragments/header :: header}"). The old, unwrapped syntax for fragment expressions will be removed in future versions of Thymeleaf.
2022-12-16 02:16:09,398 [WARN] org.thymeleaf.standard.processor.AbstractStandardFragmentInsertionTagProcessor [http-nio-8080-exec-9] [THYMELEAF][http-nio-8080-exec-9][account_views/login] Deprecated unwrapped fragment expression "/fragments/footer :: footer" found in template account_views/login, line 53, col 11. Please use the complete syntax of fragment expressions instead ("~{/fragments/footer :: footer}"). The old, unwrapped syntax for fragment expressions will be removed in future versions of Thymeleaf.
2022-12-16 02:16:09,431 [WARN] org.thymeleaf.standard.processor.AbstractStandardFragmentInsertionTagProcessor [http-nio-8080-exec-1] [THYMELEAF][http-nio-8080-exec-1][account_views/login] Deprecated unwrapped fragment expression "/fragments/head :: head" found in template account_views/login, line 4, col 9. Please use the complete syntax of fragment expressions instead ("~{/fragments/head :: head}"). The old, unwrapped syntax for fragment expressions will be removed in future versions of Thymeleaf.
2022-12-16 02:16:09,441 [WARN] org.thymeleaf.standard.processor.AbstractStandardFragmentInsertionTagProcessor [http-nio-8080-exec-1] [THYMELEAF][http-nio-8080-exec-1][account_views/login] Deprecated unwrapped fragment expression "/fragments/header :: header" found in template account_views/login, line 12, col 13. Please use the complete syntax of fragment expressions instead ("~{/fragments/header :: header}"). The old, unwrapped syntax for fragment expressions will be removed in future versions of Thymeleaf.
2022-12-16 02:16:09,465 [WARN] org.thymeleaf.standard.processor.AbstractStandardFragmentInsertionTagProcessor [http-nio-8080-exec-1] [THYMELEAF][http-nio-8080-exec-1][account_views/login] Deprecated unwrapped fragment expression "/fragments/footer :: footer" found in template account_views/login, line 53, col 11. Please use the complete syntax of fragment expressions instead ("~{/fragments/footer :: footer}"). The old, unwrapped syntax for fragment expressions will be removed in future versions of Thymeleaf.
2022-12-16 02:16:09,503 [WARN] org.thymeleaf.standard.processor.AbstractStandardFragmentInsertionTagProcessor [http-nio-8080-exec-6] [THYMELEAF][http-nio-8080-exec-6][account_views/login] Deprecated unwrapped fragment expression "/fragments/head :: head" found in template account_views/login, line 4, col 9. Please use the complete syntax of fragment expressions instead ("~{/fragments/head :: head}"). The old, unwrapped syntax for fragment expressions will be removed in future versions of Thymeleaf.
2022-12-16 02:16:09,515 [WARN] org.thymeleaf.standard.processor.AbstractStandardFragmentInsertionTagProcessor [http-nio-8080-exec-6] [THYMELEAF][http-nio-8080-exec-6][account_views/login] Deprecated unwrapped fragment expression "/fragments/header :: header" found in template account_views/login, line 12, col 13. Please use the complete syntax of fragment expressions instead ("~{/fragments/header :: header}"). The old, unwrapped syntax for fragment expressions will be removed in future versions of Thymeleaf.
2022-12-16 02:16:09,528 [WARN] org.thymeleaf.standard.processor.AbstractStandardFragmentInsertionTagProcessor [http-nio-8080-exec-6] [THYMELEAF][http-nio-8080-exec-6][account_views/login] Deprecated unwrapped fragment expression "/fragments/footer :: footer" found in template account_views/login, line 53, col 11. Please use the complete syntax of fragment expressions instead ("~{/fragments/footer :: footer}"). The old, unwrapped syntax for fragment expressions will be removed in future versions of Thymeleaf.
2022-12-16 02:16:09,541 [WARN] org.thymeleaf.standard.processor.AbstractStandardFragmentInsertionTagProcessor [http-nio-8080-exec-3] [THYMELEAF][http-nio-8080-exec-3][account_views/login] Deprecated unwrapped fragment expression "/fragments/head :: head" found in template account_views/login, line 4, col 9. Please use the complete syntax of fragment expressions instead ("~{/fragments/head :: head}"). The old, unwrapped syntax for fragment expressions will be removed in future versions of Thymeleaf.
2022-12-16 02:16:09,547 [WARN] org.thymeleaf.standard.processor.AbstractStandardFragmentInsertionTagProcessor [http-nio-8080-exec-3] [THYMELEAF][http-nio-8080-exec-3][account_views/login] Deprecated unwrapped fragment expression "/fragments/header :: header" found in template account_views/login, line 12, col 13. Please use the complete syntax of fragment expressions instead ("~{/fragments/header :: header}"). The old, unwrapped syntax for fragment expressions will be removed in future versions of Thymeleaf.
2022-12-16 02:16:09,559 [WARN] org.thymeleaf.standard.processor.AbstractStandardFragmentInsertionTagProcessor [http-nio-8080-exec-3] [THYMELEAF][http-nio-8080-exec-3][account_views/login] Deprecated unwrapped fragment expression "/fragments/footer :: footer" found in template account_views/login, line 53, col 11. Please use the complete syntax of fragment expressions instead ("~{/fragments/footer :: footer}"). The old, unwrapped syntax for fragment expressions will be removed in future versions of Thymeleaf.
2022-12-16 02:16:58,649 [INFO] org.springframework.boot.devtools.autoconfigure.LocalDevToolsAutoConfiguration$RestartingClassPathChangeChangedEventListener [File Watcher] Restarting due to 1 class path change (0 additions, 0 deletions, 1 modification)
2022-12-16 02:16:58,712 [INFO] org.apache.catalina.core.StandardService [Thread-6] Stopping service [Tomcat]
2022-12-16 02:16:58,714 [INFO] org.apache.catalina.core.ContainerBase.[Tomcat].[localhost].[/] [Thread-6] Destroying Spring FrameworkServlet 'dispatcherServlet'
2022-12-16 02:16:58,760 [INFO] org.springframework.orm.jpa.LocalContainerEntityManagerFactoryBean [Thread-6] Closing JPA EntityManagerFactory for persistence unit 'default'
2022-12-16 02:16:58,762 [INFO] org.hibernate.tool.schema.internal.SchemaDropperImpl$DelayedDropActionImpl [Thread-6] HHH000477: Starting delayed evictData of schema as part of SessionFactory shut-down'
2022-12-16 02:16:58,777 [INFO] com.zaxxer.hikari.HikariDataSource [Thread-6] HikariPool-1 - Shutdown initiated...
2022-12-16 02:16:58,810 [INFO] com.zaxxer.hikari.HikariDataSource [Thread-6] HikariPool-1 - Shutdown completed.
2022-12-16 02:16:58,994 [INFO] org.studyeasy.SpringBlog.SpringBlogApplication [restartedMain] Starting SpringBlogApplication using Java 17.0.5 with PID 11484 (D:\Spring Boot (Part 01) project files\S12L01 - Spring Boot 2.7.x to Spring boot 3.x.x migrations\target\classes started by chaan in D:\Spring Boot (Part 01) project files\S12L01 - Spring Boot 2.7.x to Spring boot 3.x.x migrations)
2022-12-16 02:16:58,995 [INFO] org.studyeasy.SpringBlog.SpringBlogApplication [restartedMain] No active profile set, falling back to 1 default profile: "default"
2022-12-16 02:16:59,587 [INFO] org.springframework.data.repository.config.RepositoryConfigurationDelegate [restartedMain] Bootstrapping Spring Data JPA repositories in DEFAULT mode.
2022-12-16 02:16:59,635 [INFO] org.springframework.data.repository.config.RepositoryConfigurationDelegate [restartedMain] Finished Spring Data repository scanning in 47 ms. Found 3 JPA repository interfaces.
2022-12-16 02:16:59,887 [INFO] org.springframework.boot.web.embedded.tomcat.TomcatWebServer [restartedMain] Tomcat initialized with port(s): 8080 (http)
2022-12-16 02:16:59,889 [INFO] org.apache.catalina.core.StandardService [restartedMain] Starting service [Tomcat]
2022-12-16 02:16:59,890 [INFO] org.apache.catalina.core.StandardEngine [restartedMain] Starting Servlet engine: [Apache Tomcat/10.1.1]
2022-12-16 02:16:59,946 [INFO] org.apache.catalina.core.ContainerBase.[Tomcat].[localhost].[/] [restartedMain] Initializing Spring embedded WebApplicationContext
2022-12-16 02:16:59,948 [INFO] org.springframework.boot.web.servlet.context.ServletWebServerApplicationContext [restartedMain] Root WebApplicationContext: initialization completed in 949 ms
2022-12-16 02:16:59,984 [INFO] com.zaxxer.hikari.HikariDataSource [restartedMain] HikariPool-2 - Starting...
2022-12-16 02:17:00,015 [INFO] com.zaxxer.hikari.pool.HikariPool [restartedMain] HikariPool-2 - Added connection conn10: url=jdbc:h2:file:./db/blogdb user=ADMIN
2022-12-16 02:17:00,016 [INFO] com.zaxxer.hikari.HikariDataSource [restartedMain] HikariPool-2 - Start completed.
2022-12-16 02:17:00,019 [INFO] org.springframework.boot.autoconfigure.h2.H2ConsoleAutoConfiguration [restartedMain] H2 console available at '/db-console'. Database available at 'jdbc:h2:file:./db/blogdb'
2022-12-16 02:17:00,116 [INFO] org.hibernate.jpa.internal.util.LogHelper [restartedMain] HHH000204: Processing PersistenceUnitInfo [name: default]
2022-12-16 02:17:00,122 [WARN] org.hibernate.orm.deprecation [restartedMain] HHH90000021: Encountered deprecated setting [javax.persistence.sharedCache.mode], use [jakarta.persistence.sharedCache.mode] instead
2022-12-16 02:17:00,129 [INFO] SQL dialect [restartedMain] HHH000400: Using dialect: org.hibernate.dialect.H2Dialect
2022-12-16 02:17:00,274 [INFO] org.hibernate.engine.transaction.jta.platform.internal.JtaPlatformInitiator [restartedMain] HHH000490: Using JtaPlatform implementation: [org.hibernate.engine.transaction.jta.platform.internal.NoJtaPlatform]
2022-12-16 02:17:00,275 [INFO] org.springframework.orm.jpa.LocalContainerEntityManagerFactoryBean [restartedMain] Initialized JPA EntityManagerFactory for persistence unit 'default'
2022-12-16 02:17:00,548 [WARN] org.springframework.boot.autoconfigure.orm.jpa.JpaBaseConfiguration$JpaWebConfiguration [restartedMain] spring.jpa.open-in-view is enabled by default. Therefore, database queries may be performed during view rendering. Explicitly configure spring.jpa.open-in-view to disable this warning
2022-12-16 02:17:00,718 [INFO] org.springframework.security.web.DefaultSecurityFilterChain [restartedMain] Will secure any request with [org.springframework.security.web.session.DisableEncodeUrlFilter@66720c81, org.springframework.security.web.context.request.async.WebAsyncManagerIntegrationFilter@43ce2dc, org.springframework.security.web.context.SecurityContextHolderFilter@35bf45e7, org.springframework.security.web.header.HeaderWriterFilter@f755179, org.springframework.security.web.authentication.logout.LogoutFilter@2b99510, org.springframework.security.web.authentication.UsernamePasswordAuthenticationFilter@379aa6dd, org.springframework.security.web.authentication.www.BasicAuthenticationFilter@7764dc2f, org.springframework.security.web.savedrequest.RequestCacheAwareFilter@4da0c744, org.springframework.security.web.servletapi.SecurityContextHolderAwareRequestFilter@68bd1bd1, org.springframework.security.web.authentication.rememberme.RememberMeAuthenticationFilter@7945a42b, org.springframework.security.web.authentication.AnonymousAuthenticationFilter@508c6a8c, org.springframework.security.web.access.ExceptionTranslationFilter@31529d5c, org.springframework.security.web.access.intercept.AuthorizationFilter@490b019b]
2022-12-16 02:17:00,868 [INFO] org.springframework.boot.devtools.autoconfigure.OptionalLiveReloadServer [restartedMain] LiveReload server is running on port 35729
2022-12-16 02:17:00,899 [INFO] org.springframework.boot.web.embedded.tomcat.TomcatWebServer [restartedMain] Tomcat started on port(s): 8080 (http) with context path ''
2022-12-16 02:17:00,906 [INFO] org.studyeasy.SpringBlog.SpringBlogApplication [restartedMain] Started SpringBlogApplication in 1.974 seconds (process running for 68.34)
2022-12-16 02:17:01,370 [INFO] org.springframework.boot.devtools.autoconfigure.ConditionEvaluationDeltaLoggingListener [restartedMain] Condition evaluation unchanged
2022-12-16 02:17:02,287 [INFO] org.springframework.boot.devtools.autoconfigure.LocalDevToolsAutoConfiguration$RestartingClassPathChangeChangedEventListener [File Watcher] Restarting due to 1 class path change (0 additions, 0 deletions, 1 modification)
2022-12-16 02:17:02,315 [INFO] org.apache.catalina.core.StandardService [Thread-8] Stopping service [Tomcat]
2022-12-16 02:17:02,330 [INFO] org.springframework.orm.jpa.LocalContainerEntityManagerFactoryBean [Thread-8] Closing JPA EntityManagerFactory for persistence unit 'default'
2022-12-16 02:17:02,332 [INFO] org.hibernate.tool.schema.internal.SchemaDropperImpl$DelayedDropActionImpl [Thread-8] HHH000477: Starting delayed evictData of schema as part of SessionFactory shut-down'
2022-12-16 02:17:02,335 [INFO] com.zaxxer.hikari.HikariDataSource [Thread-8] HikariPool-2 - Shutdown initiated...
2022-12-16 02:17:02,369 [INFO] com.zaxxer.hikari.HikariDataSource [Thread-8] HikariPool-2 - Shutdown completed.
2022-12-16 02:17:02,508 [INFO] org.studyeasy.SpringBlog.SpringBlogApplication [restartedMain] Starting SpringBlogApplication using Java 17.0.5 with PID 11484 (D:\Spring Boot (Part 01) project files\S12L01 - Spring Boot 2.7.x to Spring boot 3.x.x migrations\target\classes started by chaan in D:\Spring Boot (Part 01) project files\S12L01 - Spring Boot 2.7.x to Spring boot 3.x.x migrations)
2022-12-16 02:17:02,509 [INFO] org.studyeasy.SpringBlog.SpringBlogApplication [restartedMain] No active profile set, falling back to 1 default profile: "default"
2022-12-16 02:17:02,665 [INFO] org.springframework.data.repository.config.RepositoryConfigurationDelegate [restartedMain] Bootstrapping Spring Data JPA repositories in DEFAULT mode.
2022-12-16 02:17:02,680 [INFO] org.springframework.data.repository.config.RepositoryConfigurationDelegate [restartedMain] Finished Spring Data repository scanning in 13 ms. Found 3 JPA repository interfaces.
2022-12-16 02:17:02,789 [INFO] org.springframework.boot.web.embedded.tomcat.TomcatWebServer [restartedMain] Tomcat initialized with port(s): 8080 (http)
2022-12-16 02:17:02,790 [INFO] org.apache.catalina.core.StandardService [restartedMain] Starting service [Tomcat]
2022-12-16 02:17:02,790 [INFO] org.apache.catalina.core.StandardEngine [restartedMain] Starting Servlet engine: [Apache Tomcat/10.1.1]
2022-12-16 02:17:02,812 [INFO] org.apache.catalina.core.ContainerBase.[Tomcat].[localhost].[/] [restartedMain] Initializing Spring embedded WebApplicationContext
2022-12-16 02:17:02,813 [INFO] org.springframework.boot.web.servlet.context.ServletWebServerApplicationContext [restartedMain] Root WebApplicationContext: initialization completed in 301 ms
2022-12-16 02:17:02,825 [INFO] com.zaxxer.hikari.HikariDataSource [restartedMain] HikariPool-3 - Starting...
2022-12-16 02:17:02,840 [INFO] com.zaxxer.hikari.pool.HikariPool [restartedMain] HikariPool-3 - Added connection conn20: url=jdbc:h2:file:./db/blogdb user=ADMIN
2022-12-16 02:17:02,841 [INFO] com.zaxxer.hikari.HikariDataSource [restartedMain] HikariPool-3 - Start completed.
2022-12-16 02:17:02,841 [INFO] org.springframework.boot.autoconfigure.h2.H2ConsoleAutoConfiguration [restartedMain] H2 console available at '/db-console'. Database available at 'jdbc:h2:file:./db/blogdb'
2022-12-16 02:17:02,888 [INFO] org.hibernate.jpa.internal.util.LogHelper [restartedMain] HHH000204: Processing PersistenceUnitInfo [name: default]
2022-12-16 02:17:02,894 [WARN] org.hibernate.orm.deprecation [restartedMain] HHH90000021: Encountered deprecated setting [javax.persistence.sharedCache.mode], use [jakarta.persistence.sharedCache.mode] instead
2022-12-16 02:17:02,900 [INFO] SQL dialect [restartedMain] HHH000400: Using dialect: org.hibernate.dialect.H2Dialect
2022-12-16 02:17:02,973 [INFO] org.hibernate.engine.transaction.jta.platform.internal.JtaPlatformInitiator [restartedMain] HHH000490: Using JtaPlatform implementation: [org.hibernate.engine.transaction.jta.platform.internal.NoJtaPlatform]
2022-12-16 02:17:02,974 [INFO] org.springframework.orm.jpa.LocalContainerEntityManagerFactoryBean [restartedMain] Initialized JPA EntityManagerFactory for persistence unit 'default'
2022-12-16 02:17:03,111 [WARN] org.springframework.boot.autoconfigure.orm.jpa.JpaBaseConfiguration$JpaWebConfiguration [restartedMain] spring.jpa.open-in-view is enabled by default. Therefore, database queries may be performed during view rendering. Explicitly configure spring.jpa.open-in-view to disable this warning
2022-12-16 02:17:03,187 [INFO] org.springframework.security.web.DefaultSecurityFilterChain [restartedMain] Will secure any request with [org.springframework.security.web.session.DisableEncodeUrlFilter@45b5ef62, org.springframework.security.web.context.request.async.WebAsyncManagerIntegrationFilter@5e3807b8, org.springframework.security.web.context.SecurityContextHolderFilter@3f73fee0, org.springframework.security.web.header.HeaderWriterFilter@7f35e047, org.springframework.security.web.authentication.logout.LogoutFilter@4574a2ef, org.springframework.security.web.authentication.UsernamePasswordAuthenticationFilter@2ea6a61a, org.springframework.security.web.authentication.www.BasicAuthenticationFilter@36fed8cf, org.springframework.security.web.savedrequest.RequestCacheAwareFilter@6b3de54c, org.springframework.security.web.servletapi.SecurityContextHolderAwareRequestFilter@35373d62, org.springframework.security.web.authentication.rememberme.RememberMeAuthenticationFilter@4e251afb, org.springframework.security.web.authentication.AnonymousAuthenticationFilter@382c3c46, org.springframework.security.web.access.ExceptionTranslationFilter@cda51d8, org.springframework.security.web.access.intercept.AuthorizationFilter@4db7c1eb]
2022-12-16 02:17:03,248 [INFO] org.springframework.boot.devtools.autoconfigure.OptionalLiveReloadServer [restartedMain] LiveReload server is running on port 35729
2022-12-16 02:17:03,258 [INFO] org.springframework.boot.web.embedded.tomcat.TomcatWebServer [restartedMain] Tomcat started on port(s): 8080 (http) with context path ''
2022-12-16 02:17:03,261 [INFO] org.studyeasy.SpringBlog.SpringBlogApplication [restartedMain] Started SpringBlogApplication in 0.779 seconds (process running for 70.694)
2022-12-16 02:17:03,570 [INFO] org.springframework.boot.devtools.autoconfigure.ConditionEvaluationDeltaLoggingListener [restartedMain] Condition evaluation unchanged
2022-12-16 02:17:09,850 [INFO] org.apache.catalina.core.ContainerBase.[Tomcat].[localhost].[/] [http-nio-8080-exec-1] Initializing Spring DispatcherServlet 'dispatcherServlet'
2022-12-16 02:17:09,851 [INFO] org.springframework.web.servlet.DispatcherServlet [http-nio-8080-exec-1] Initializing Servlet 'dispatcherServlet'
2022-12-16 02:17:09,853 [INFO] org.springframework.web.servlet.DispatcherServlet [http-nio-8080-exec-1] Completed initialization in 2 ms
2022-12-16 02:17:09,890 [WARN] org.thymeleaf.standard.processor.AbstractStandardFragmentInsertionTagProcessor [http-nio-8080-exec-2] [THYMELEAF][http-nio-8080-exec-2][account_views/login] Deprecated unwrapped fragment expression "/fragments/head :: head" found in template account_views/login, line 4, col 9. Please use the complete syntax of fragment expressions instead ("~{/fragments/head :: head}"). The old, unwrapped syntax for fragment expressions will be removed in future versions of Thymeleaf.
2022-12-16 02:17:09,897 [WARN] org.thymeleaf.standard.processor.AbstractStandardFragmentInsertionTagProcessor [http-nio-8080-exec-2] [THYMELEAF][http-nio-8080-exec-2][account_views/login] Deprecated unwrapped fragment expression "/fragments/header :: header" found in template account_views/login, line 12, col 13. Please use the complete syntax of fragment expressions instead ("~{/fragments/header :: header}"). The old, unwrapped syntax for fragment expressions will be removed in future versions of Thymeleaf.
2022-12-16 02:17:09,905 [WARN] org.thymeleaf.standard.processor.AbstractStandardFragmentInsertionTagProcessor [http-nio-8080-exec-2] [THYMELEAF][http-nio-8080-exec-2][account_views/login] Deprecated unwrapped fragment expression "/fragments/footer :: footer" found in template account_views/login, line 53, col 11. Please use the complete syntax of fragment expressions instead ("~{/fragments/footer :: footer}"). The old, unwrapped syntax for fragment expressions will be removed in future versions of Thymeleaf.
2022-12-16 02:17:10,081 [WARN] org.thymeleaf.standard.processor.AbstractStandardFragmentInsertionTagProcessor [http-nio-8080-exec-1] [THYMELEAF][http-nio-8080-exec-1][account_views/login] Deprecated unwrapped fragment expression "/fragments/head :: head" found in template account_views/login, line 4, col 9. Please use the complete syntax of fragment expressions instead ("~{/fragments/head :: head}"). The old, unwrapped syntax for fragment expressions will be removed in future versions of Thymeleaf.
2022-12-16 02:17:10,088 [WARN] org.thymeleaf.standard.processor.AbstractStandardFragmentInsertionTagProcessor [http-nio-8080-exec-1] [THYMELEAF][http-nio-8080-exec-1][account_views/login] Deprecated unwrapped fragment expression "/fragments/header :: header" found in template account_views/login, line 12, col 13. Please use the complete syntax of fragment expressions instead ("~{/fragments/header :: header}"). The old, unwrapped syntax for fragment expressions will be removed in future versions of Thymeleaf.
2022-12-16 02:17:10,097 [WARN] org.thymeleaf.standard.processor.AbstractStandardFragmentInsertionTagProcessor [http-nio-8080-exec-1] [THYMELEAF][http-nio-8080-exec-1][account_views/login] Deprecated unwrapped fragment expression "/fragments/footer :: footer" found in template account_views/login, line 53, col 11. Please use the complete syntax of fragment expressions instead ("~{/fragments/footer :: footer}"). The old, unwrapped syntax for fragment expressions will be removed in future versions of Thymeleaf.
2022-12-16 02:17:12,143 [WARN] org.thymeleaf.standard.processor.AbstractStandardFragmentInsertionTagProcessor [http-nio-8080-exec-8] [THYMELEAF][http-nio-8080-exec-8][account_views/login] Deprecated unwrapped fragment expression "/fragments/head :: head" found in template account_views/login, line 4, col 9. Please use the complete syntax of fragment expressions instead ("~{/fragments/head :: head}"). The old, unwrapped syntax for fragment expressions will be removed in future versions of Thymeleaf.
2022-12-16 02:17:12,149 [WARN] org.thymeleaf.standard.processor.AbstractStandardFragmentInsertionTagProcessor [http-nio-8080-exec-8] [THYMELEAF][http-nio-8080-exec-8][account_views/login] Deprecated unwrapped fragment expression "/fragments/header :: header" found in template account_views/login, line 12, col 13. Please use the complete syntax of fragment expressions instead ("~{/fragments/header :: header}"). The old, unwrapped syntax for fragment expressions will be removed in future versions of Thymeleaf.
2022-12-16 02:17:12,160 [WARN] org.thymeleaf.standard.processor.AbstractStandardFragmentInsertionTagProcessor [http-nio-8080-exec-8] [THYMELEAF][http-nio-8080-exec-8][account_views/login] Deprecated unwrapped fragment expression "/fragments/footer :: footer" found in template account_views/login, line 53, col 11. Please use the complete syntax of fragment expressions instead ("~{/fragments/footer :: footer}"). The old, unwrapped syntax for fragment expressions will be removed in future versions of Thymeleaf.
2022-12-16 02:17:12,332 [WARN] org.thymeleaf.standard.processor.AbstractStandardFragmentInsertionTagProcessor [http-nio-8080-exec-8] [THYMELEAF][http-nio-8080-exec-8][account_views/login] Deprecated unwrapped fragment expression "/fragments/head :: head" found in template account_views/login, line 4, col 9. Please use the complete syntax of fragment expressions instead ("~{/fragments/head :: head}"). The old, unwrapped syntax for fragment expressions will be removed in future versions of Thymeleaf.
2022-12-16 02:17:12,339 [WARN] org.thymeleaf.standard.processor.AbstractStandardFragmentInsertionTagProcessor [http-nio-8080-exec-8] [THYMELEAF][http-nio-8080-exec-8][account_views/login] Deprecated unwrapped fragment expression "/fragments/header :: header" found in template account_views/login, line 12, col 13. Please use the complete syntax of fragment expressions instead ("~{/fragments/header :: header}"). The old, unwrapped syntax for fragment expressions will be removed in future versions of Thymeleaf.
2022-12-16 02:17:12,351 [WARN] org.thymeleaf.standard.processor.AbstractStandardFragmentInsertionTagProcessor [http-nio-8080-exec-8] [THYMELEAF][http-nio-8080-exec-8][account_views/login] Deprecated unwrapped fragment expression "/fragments/footer :: footer" found in template account_views/login, line 53, col 11. Please use the complete syntax of fragment expressions instead ("~{/fragments/footer :: footer}"). The old, unwrapped syntax for fragment expressions will be removed in future versions of Thymeleaf.
2022-12-16 02:17:13,616 [WARN] org.thymeleaf.standard.processor.AbstractStandardFragmentInsertionTagProcessor [http-nio-8080-exec-3] [THYMELEAF][http-nio-8080-exec-3][account_views/login] Deprecated unwrapped fragment expression "/fragments/head :: head" found in template account_views/login, line 4, col 9. Please use the complete syntax of fragment expressions instead ("~{/fragments/head :: head}"). The old, unwrapped syntax for fragment expressions will be removed in future versions of Thymeleaf.
2022-12-16 02:17:13,617 [WARN] org.thymeleaf.standard.processor.AbstractStandardFragmentInsertionTagProcessor [http-nio-8080-exec-3] [THYMELEAF][http-nio-8080-exec-3][account_views/login] Deprecated unwrapped fragment expression "/fragments/header :: header" found in template account_views/login, line 12, col 13. Please use the complete syntax of fragment expressions instead ("~{/fragments/header :: header}"). The old, unwrapped syntax for fragment expressions will be removed in future versions of Thymeleaf.
2022-12-16 02:17:13,625 [WARN] org.thymeleaf.standard.processor.AbstractStandardFragmentInsertionTagProcessor [http-nio-8080-exec-3] [THYMELEAF][http-nio-8080-exec-3][account_views/login] Deprecated unwrapped fragment expression "/fragments/footer :: footer" found in template account_views/login, line 53, col 11. Please use the complete syntax of fragment expressions instead ("~{/fragments/footer :: footer}"). The old, unwrapped syntax for fragment expressions will be removed in future versions of Thymeleaf.
2022-12-16 02:17:13,742 [WARN] org.thymeleaf.standard.processor.AbstractStandardFragmentInsertionTagProcessor [http-nio-8080-exec-3] [THYMELEAF][http-nio-8080-exec-3][account_views/login] Deprecated unwrapped fragment expression "/fragments/head :: head" found in template account_views/login, line 4, col 9. Please use the complete syntax of fragment expressions instead ("~{/fragments/head :: head}"). The old, unwrapped syntax for fragment expressions will be removed in future versions of Thymeleaf.
2022-12-16 02:17:13,750 [WARN] org.thymeleaf.standard.processor.AbstractStandardFragmentInsertionTagProcessor [http-nio-8080-exec-3] [THYMELEAF][http-nio-8080-exec-3][account_views/login] Deprecated unwrapped fragment expression "/fragments/header :: header" found in template account_views/login, line 12, col 13. Please use the complete syntax of fragment expressions instead ("~{/fragments/header :: header}"). The old, unwrapped syntax for fragment expressions will be removed in future versions of Thymeleaf.
2022-12-16 02:17:13,756 [WARN] org.thymeleaf.standard.processor.AbstractStandardFragmentInsertionTagProcessor [http-nio-8080-exec-3] [THYMELEAF][http-nio-8080-exec-3][account_views/login] Deprecated unwrapped fragment expression "/fragments/footer :: footer" found in template account_views/login, line 53, col 11. Please use the complete syntax of fragment expressions instead ("~{/fragments/footer :: footer}"). The old, unwrapped syntax for fragment expressions will be removed in future versions of Thymeleaf.
2022-12-16 02:17:14,474 [WARN] org.thymeleaf.standard.processor.AbstractStandardFragmentInsertionTagProcessor [http-nio-8080-exec-7] [THYMELEAF][http-nio-8080-exec-7][account_views/login] Deprecated unwrapped fragment expression "/fragments/head :: head" found in template account_views/login, line 4, col 9. Please use the complete syntax of fragment expressions instead ("~{/fragments/head :: head}"). The old, unwrapped syntax for fragment expressions will be removed in future versions of Thymeleaf.
2022-12-16 02:17:14,476 [WARN] org.thymeleaf.standard.processor.AbstractStandardFragmentInsertionTagProcessor [http-nio-8080-exec-7] [THYMELEAF][http-nio-8080-exec-7][account_views/login] Deprecated unwrapped fragment expression "/fragments/header :: header" found in template account_views/login, line 12, col 13. Please use the complete syntax of fragment expressions instead ("~{/fragments/header :: header}"). The old, unwrapped syntax for fragment expressions will be removed in future versions of Thymeleaf.
2022-12-16 02:17:14,480 [WARN] org.thymeleaf.standard.processor.AbstractStandardFragmentInsertionTagProcessor [http-nio-8080-exec-7] [THYMELEAF][http-nio-8080-exec-7][account_views/login] Deprecated unwrapped fragment expression "/fragments/footer :: footer" found in template account_views/login, line 53, col 11. Please use the complete syntax of fragment expressions instead ("~{/fragments/footer :: footer}"). The old, unwrapped syntax for fragment expressions will be removed in future versions of Thymeleaf.
2022-12-16 02:17:14,563 [WARN] org.thymeleaf.standard.processor.AbstractStandardFragmentInsertionTagProcessor [http-nio-8080-exec-7] [THYMELEAF][http-nio-8080-exec-7][account_views/login] Deprecated unwrapped fragment expression "/fragments/head :: head" found in template account_views/login, line 4, col 9. Please use the complete syntax of fragment expressions instead ("~{/fragments/head :: head}"). The old, unwrapped syntax for fragment expressions will be removed in future versions of Thymeleaf.
2022-12-16 02:17:14,567 [WARN] org.thymeleaf.standard.processor.AbstractStandardFragmentInsertionTagProcessor [http-nio-8080-exec-7] [THYMELEAF][http-nio-8080-exec-7][account_views/login] Deprecated unwrapped fragment expression "/fragments/header :: header" found in template account_views/login, line 12, col 13. Please use the complete syntax of fragment expressions instead ("~{/fragments/header :: header}"). The old, unwrapped syntax for fragment expressions will be removed in future versions of Thymeleaf.
2022-12-16 02:17:14,573 [WARN] org.thymeleaf.standard.processor.AbstractStandardFragmentInsertionTagProcessor [http-nio-8080-exec-7] [THYMELEAF][http-nio-8080-exec-7][account_views/login] Deprecated unwrapped fragment expression "/fragments/footer :: footer" found in template account_views/login, line 53, col 11. Please use the complete syntax of fragment expressions instead ("~{/fragments/footer :: footer}"). The old, unwrapped syntax for fragment expressions will be removed in future versions of Thymeleaf.
2022-12-16 02:17:16,200 [WARN] org.thymeleaf.standard.processor.AbstractStandardFragmentInsertionTagProcessor [http-nio-8080-exec-10] [THYMELEAF][http-nio-8080-exec-10][account_views/login] Deprecated unwrapped fragment expression "/fragments/head :: head" found in template account_views/login, line 4, col 9. Please use the complete syntax of fragment expressions instead ("~{/fragments/head :: head}"). The old, unwrapped syntax for fragment expressions will be removed in future versions of Thymeleaf.
2022-12-16 02:17:16,207 [WARN] org.thymeleaf.standard.processor.AbstractStandardFragmentInsertionTagProcessor [http-nio-8080-exec-10] [THYMELEAF][http-nio-8080-exec-10][account_views/login] Deprecated unwrapped fragment expression "/fragments/header :: header" found in template account_views/login, line 12, col 13. Please use the complete syntax of fragment expressions instead ("~{/fragments/header :: header}"). The old, unwrapped syntax for fragment expressions will be removed in future versions of Thymeleaf.
2022-12-16 02:17:16,216 [WARN] org.thymeleaf.standard.processor.AbstractStandardFragmentInsertionTagProcessor [http-nio-8080-exec-10] [THYMELEAF][http-nio-8080-exec-10][account_views/login] Deprecated unwrapped fragment expression "/fragments/footer :: footer" found in template account_views/login, line 53, col 11. Please use the complete syntax of fragment expressions instead ("~{/fragments/footer :: footer}"). The old, unwrapped syntax for fragment expressions will be removed in future versions of Thymeleaf.
2022-12-16 02:17:16,403 [WARN] org.thymeleaf.standard.processor.AbstractStandardFragmentInsertionTagProcessor [http-nio-8080-exec-10] [THYMELEAF][http-nio-8080-exec-10][account_views/login] Deprecated unwrapped fragment expression "/fragments/head :: head" found in template account_views/login, line 4, col 9. Please use the complete syntax of fragment expressions instead ("~{/fragments/head :: head}"). The old, unwrapped syntax for fragment expressions will be removed in future versions of Thymeleaf.
2022-12-16 02:17:16,408 [WARN] org.thymeleaf.standard.processor.AbstractStandardFragmentInsertionTagProcessor [http-nio-8080-exec-10] [THYMELEAF][http-nio-8080-exec-10][account_views/login] Deprecated unwrapped fragment expression "/fragments/header :: header" found in template account_views/login, line 12, col 13. Please use the complete syntax of fragment expressions instead ("~{/fragments/header :: header}"). The old, unwrapped syntax for fragment expressions will be removed in future versions of Thymeleaf.
2022-12-16 02:17:16,418 [WARN] org.thymeleaf.standard.processor.AbstractStandardFragmentInsertionTagProcessor [http-nio-8080-exec-10] [THYMELEAF][http-nio-8080-exec-10][account_views/login] Deprecated unwrapped fragment expression "/fragments/footer :: footer" found in template account_views/login, line 53, col 11. Please use the complete syntax of fragment expressions instead ("~{/fragments/footer :: footer}"). The old, unwrapped syntax for fragment expressions will be removed in future versions of Thymeleaf.
2022-12-16 02:17:19,099 [WARN] org.thymeleaf.standard.processor.AbstractStandardFragmentInsertionTagProcessor [http-nio-8080-exec-5] [THYMELEAF][http-nio-8080-exec-5][account_views/login] Deprecated unwrapped fragment expression "/fragments/head :: head" found in template account_views/login, line 4, col 9. Please use the complete syntax of fragment expressions instead ("~{/fragments/head :: head}"). The old, unwrapped syntax for fragment expressions will be removed in future versions of Thymeleaf.
2022-12-16 02:17:19,102 [WARN] org.thymeleaf.standard.processor.AbstractStandardFragmentInsertionTagProcessor [http-nio-8080-exec-5] [THYMELEAF][http-nio-8080-exec-5][account_views/login] Deprecated unwrapped fragment expression "/fragments/header :: header" found in template account_views/login, line 12, col 13. Please use the complete syntax of fragment expressions instead ("~{/fragments/header :: header}"). The old, unwrapped syntax for fragment expressions will be removed in future versions of Thymeleaf.
2022-12-16 02:17:19,108 [WARN] org.thymeleaf.standard.processor.AbstractStandardFragmentInsertionTagProcessor [http-nio-8080-exec-5] [THYMELEAF][http-nio-8080-exec-5][account_views/login] Deprecated unwrapped fragment expression "/fragments/footer :: footer" found in template account_views/login, line 53, col 11. Please use the complete syntax of fragment expressions instead ("~{/fragments/footer :: footer}"). The old, unwrapped syntax for fragment expressions will be removed in future versions of Thymeleaf.
2022-12-16 02:17:19,196 [WARN] org.thymeleaf.standard.processor.AbstractStandardFragmentInsertionTagProcessor [http-nio-8080-exec-5] [THYMELEAF][http-nio-8080-exec-5][account_views/login] Deprecated unwrapped fragment expression "/fragments/head :: head" found in template account_views/login, line 4, col 9. Please use the complete syntax of fragment expressions instead ("~{/fragments/head :: head}"). The old, unwrapped syntax for fragment expressions will be removed in future versions of Thymeleaf.
2022-12-16 02:17:19,199 [WARN] org.thymeleaf.standard.processor.AbstractStandardFragmentInsertionTagProcessor [http-nio-8080-exec-5] [THYMELEAF][http-nio-8080-exec-5][account_views/login] Deprecated unwrapped fragment expression "/fragments/header :: header" found in template account_views/login, line 12, col 13. Please use the complete syntax of fragment expressions instead ("~{/fragments/header :: header}"). The old, unwrapped syntax for fragment expressions will be removed in future versions of Thymeleaf.
2022-12-16 02:17:19,207 [WARN] org.thymeleaf.standard.processor.AbstractStandardFragmentInsertionTagProcessor [http-nio-8080-exec-5] [THYMELEAF][http-nio-8080-exec-5][account_views/login] Deprecated unwrapped fragment expression "/fragments/footer :: footer" found in template account_views/login, line 53, col 11. Please use the complete syntax of fragment expressions instead ("~{/fragments/footer :: footer}"). The old, unwrapped syntax for fragment expressions will be removed in future versions of Thymeleaf.
2022-12-16 02:17:24,057 [WARN] org.thymeleaf.standard.processor.AbstractStandardFragmentInsertionTagProcessor [http-nio-8080-exec-6] [THYMELEAF][http-nio-8080-exec-6][account_views/login] Deprecated unwrapped fragment expression "/fragments/head :: head" found in template account_views/login, line 4, col 9. Please use the complete syntax of fragment expressions instead ("~{/fragments/head :: head}"). The old, unwrapped syntax for fragment expressions will be removed in future versions of Thymeleaf.
2022-12-16 02:17:24,059 [WARN] org.thymeleaf.standard.processor.AbstractStandardFragmentInsertionTagProcessor [http-nio-8080-exec-6] [THYMELEAF][http-nio-8080-exec-6][account_views/login] Deprecated unwrapped fragment expression "/fragments/header :: header" found in template account_views/login, line 12, col 13. Please use the complete syntax of fragment expressions instead ("~{/fragments/header :: header}"). The old, unwrapped syntax for fragment expressions will be removed in future versions of Thymeleaf.
2022-12-16 02:17:24,063 [WARN] org.thymeleaf.standard.processor.AbstractStandardFragmentInsertionTagProcessor [http-nio-8080-exec-6] [THYMELEAF][http-nio-8080-exec-6][account_views/login] Deprecated unwrapped fragment expression "/fragments/footer :: footer" found in template account_views/login, line 53, col 11. Please use the complete syntax of fragment expressions instead ("~{/fragments/footer :: footer}"). The old, unwrapped syntax for fragment expressions will be removed in future versions of Thymeleaf.
2022-12-16 02:17:24,155 [WARN] org.thymeleaf.standard.processor.AbstractStandardFragmentInsertionTagProcessor [http-nio-8080-exec-6] [THYMELEAF][http-nio-8080-exec-6][account_views/login] Deprecated unwrapped fragment expression "/fragments/head :: head" found in template account_views/login, line 4, col 9. Please use the complete syntax of fragment expressions instead ("~{/fragments/head :: head}"). The old, unwrapped syntax for fragment expressions will be removed in future versions of Thymeleaf.
2022-12-16 02:17:24,161 [WARN] org.thymeleaf.standard.processor.AbstractStandardFragmentInsertionTagProcessor [http-nio-8080-exec-6] [THYMELEAF][http-nio-8080-exec-6][account_views/login] Deprecated unwrapped fragment expression "/fragments/header :: header" found in template account_views/login, line 12, col 13. Please use the complete syntax of fragment expressions instead ("~{/fragments/header :: header}"). The old, unwrapped syntax for fragment expressions will be removed in future versions of Thymeleaf.
2022-12-16 02:17:24,169 [WARN] org.thymeleaf.standard.processor.AbstractStandardFragmentInsertionTagProcessor [http-nio-8080-exec-6] [THYMELEAF][http-nio-8080-exec-6][account_views/login] Deprecated unwrapped fragment expression "/fragments/footer :: footer" found in template account_views/login, line 53, col 11. Please use the complete syntax of fragment expressions instead ("~{/fragments/footer :: footer}"). The old, unwrapped syntax for fragment expressions will be removed in future versions of Thymeleaf.
2022-12-16 02:17:53,806 [INFO] org.springframework.boot.devtools.autoconfigure.LocalDevToolsAutoConfiguration$RestartingClassPathChangeChangedEventListener [File Watcher] Restarting due to 1 class path change (0 additions, 0 deletions, 1 modification)
2022-12-16 02:17:53,852 [INFO] org.apache.catalina.core.StandardService [Thread-12] Stopping service [Tomcat]
2022-12-16 02:17:53,853 [INFO] org.apache.catalina.core.ContainerBase.[Tomcat].[localhost].[/] [Thread-12] Destroying Spring FrameworkServlet 'dispatcherServlet'
2022-12-16 02:17:53,868 [INFO] org.springframework.orm.jpa.LocalContainerEntityManagerFactoryBean [Thread-12] Closing JPA EntityManagerFactory for persistence unit 'default'
2022-12-16 02:17:53,870 [INFO] org.hibernate.tool.schema.internal.SchemaDropperImpl$DelayedDropActionImpl [Thread-12] HHH000477: Starting delayed evictData of schema as part of SessionFactory shut-down'
2022-12-16 02:17:53,876 [INFO] com.zaxxer.hikari.HikariDataSource [Thread-12] HikariPool-3 - Shutdown initiated...
